2025-03-15 12:11:30,255 - INFO - apscheduler.scheduler - Adding job tentatively -- it will be properly scheduled when the scheduler starts
2025-03-15 12:11:30,255 - INFO - apscheduler.scheduler - Added job "process_pending_tasks" to job store "default"
2025-03-15 12:11:30,255 - INFO - apscheduler.scheduler - Scheduler started
2025-03-15 12:11:30,255 - INFO - app.scheduler - Scheduler started.
2025-03-15 12:12:30,261 - INFO - apscheduler.executors.default - Running job "process_pending_tasks (trigger: interval[0:01:00], next run at: 2025-03-15 12:12:30 +08)" (scheduled at 2025-03-15 12:12:30.254993+08:00)
2025-03-15 12:12:30,272 - INFO - app.scheduler - No pending tasks found by the scheduler.
2025-03-15 12:12:30,273 - INFO - apscheduler.executors.default - Job "process_pending_tasks (trigger: interval[0:01:00], next run at: 2025-03-15 12:13:30 +08)" executed successfully
2025-03-15 12:13:30,259 - INFO - apscheduler.executors.default - Running job "process_pending_tasks (trigger: interval[0:01:00], next run at: 2025-03-15 12:14:30 +08)" (scheduled at 2025-03-15 12:13:30.254993+08:00)
2025-03-15 12:13:30,263 - INFO - app.scheduler - Scheduler found 5 pending tasks. Processing with up to 4 concurrent workers.
2025-03-15 12:13:30,268 - INFO - app.workers - Task 1 claimed and marked as processing.
2025-03-15 12:13:30,271 - INFO - app.workers - Task 2 claimed and marked as processing.
2025-03-15 12:13:30,272 - INFO - app.workers - Task 3 claimed and marked as processing.
2025-03-15 12:13:30,272 - INFO - app.workers - Task 4 claimed and marked as processing.
2025-03-15 12:13:30,276 - INFO - app.workers - Task 3 started processing.
2025-03-15 12:13:30,278 - INFO - app.workers - Task 1 started processing.
2025-03-15 12:13:30,284 - INFO - app.workers - Task 4 started processing.
2025-03-15 12:13:30,297 - INFO - app.workers - Task 2 started processing.
2025-03-15 12:13:32,288 - INFO - app.workers - Task 1 completed processing with result: Prediction for task 1: A.
2025-03-15 12:13:32,290 - INFO - app.workers - Task 5 claimed and marked as processing.
2025-03-15 12:13:32,293 - INFO - app.workers - Task 3 completed processing with result: Prediction for task 3: B.
2025-03-15 12:13:32,297 - INFO - app.workers - Task 4 completed processing with result: Prediction for task 4: B.
2025-03-15 12:13:32,303 - INFO - app.workers - Task 5 started processing.
2025-03-15 12:13:32,305 - INFO - app.workers - Task 2 completed processing with result: Prediction for task 2: A.
2025-03-15 12:13:34,313 - INFO - app.workers - Task 5 completed processing with result: Prediction for task 5: B.
2025-03-15 12:13:34,313 - INFO - apscheduler.executors.default - Job "process_pending_tasks (trigger: interval[0:01:00], next run at: 2025-03-15 12:14:30 +08)" executed successfully
2025-03-15 12:14:30,260 - INFO - apscheduler.executors.default - Running job "process_pending_tasks (trigger: interval[0:01:00], next run at: 2025-03-15 12:15:30 +08)" (scheduled at 2025-03-15 12:14:30.254993+08:00)
2025-03-15 12:14:30,263 - INFO - app.scheduler - No pending tasks found by the scheduler.
2025-03-15 12:14:30,263 - INFO - apscheduler.executors.default - Job "process_pending_tasks (trigger: interval[0:01:00], next run at: 2025-03-15 12:15:30 +08)" executed successfully
2025-03-15 12:15:30,259 - INFO - apscheduler.executors.default - Running job "process_pending_tasks (trigger: interval[0:01:00], next run at: 2025-03-15 12:16:30 +08)" (scheduled at 2025-03-15 12:15:30.254993+08:00)
2025-03-15 12:15:30,263 - INFO - app.scheduler - No pending tasks found by the scheduler.
2025-03-15 12:15:30,263 - INFO - apscheduler.executors.default - Job "process_pending_tasks (trigger: interval[0:01:00], next run at: 2025-03-15 12:16:30 +08)" executed successfully
2025-03-15 12:16:30,260 - INFO - apscheduler.executors.default - Running job "process_pending_tasks (trigger: interval[0:01:00], next run at: 2025-03-15 12:17:30 +08)" (scheduled at 2025-03-15 12:16:30.254993+08:00)
2025-03-15 12:16:30,264 - INFO - app.scheduler - No pending tasks found by the scheduler.
2025-03-15 12:16:30,264 - INFO - apscheduler.executors.default - Job "process_pending_tasks (trigger: interval[0:01:00], next run at: 2025-03-15 12:17:30 +08)" executed successfully
2025-03-15 12:17:30,260 - INFO - apscheduler.executors.default - Running job "process_pending_tasks (trigger: interval[0:01:00], next run at: 2025-03-15 12:18:30 +08)" (scheduled at 2025-03-15 12:17:30.254993+08:00)
2025-03-15 12:17:30,263 - INFO - app.scheduler - No pending tasks found by the scheduler.
2025-03-15 12:17:30,264 - INFO - apscheduler.executors.default - Job "process_pending_tasks (trigger: interval[0:01:00], next run at: 2025-03-15 12:18:30 +08)" executed successfully
2025-03-15 12:18:08,023 - INFO - apscheduler.scheduler - Scheduler has been shut down
2025-03-15 12:18:08,024 - INFO - app.scheduler - Scheduler shutdown.
2025-03-15 12:18:08,407 - INFO - apscheduler.scheduler - Adding job tentatively -- it will be properly scheduled when the scheduler starts
2025-03-15 12:18:08,407 - INFO - apscheduler.scheduler - Added job "process_pending_tasks" to job store "default"
2025-03-15 12:18:08,407 - INFO - apscheduler.scheduler - Scheduler started
2025-03-15 12:18:08,407 - INFO - app.scheduler - Scheduler started.
2025-03-15 12:19:08,402 - INFO - apscheduler.scheduler - Scheduler has been shut down
2025-03-15 12:19:08,403 - INFO - app.scheduler - Scheduler shutdown.
2025-03-15 12:19:12,089 - INFO - apscheduler.scheduler - Adding job tentatively -- it will be properly scheduled when the scheduler starts
2025-03-15 12:19:12,089 - INFO - apscheduler.scheduler - Added job "process_pending_tasks" to job store "default"
2025-03-15 12:19:12,089 - INFO - apscheduler.scheduler - Scheduler started
2025-03-15 12:19:12,089 - INFO - app.scheduler - Scheduler started.
2025-03-15 12:19:53,887 - INFO - apscheduler.scheduler - Scheduler has been shut down
2025-03-15 12:19:53,887 - INFO - app.scheduler - Scheduler shutdown.
2025-03-15 12:19:54,250 - INFO - apscheduler.scheduler - Adding job tentatively -- it will be properly scheduled when the scheduler starts
2025-03-15 12:19:54,250 - INFO - apscheduler.scheduler - Added job "process_pending_tasks" to job store "default"
2025-03-15 12:19:54,250 - INFO - apscheduler.scheduler - Scheduler started
2025-03-15 12:19:54,250 - INFO - app.scheduler - Scheduler started.
2025-03-15 12:20:54,256 - INFO - apscheduler.executors.default - Running job "process_pending_tasks (trigger: interval[0:01:00], next run at: 2025-03-15 12:20:54 +08)" (scheduled at 2025-03-15 12:20:54.250290+08:00)
2025-03-15 12:20:54,260 - INFO - app.scheduler - No pending tasks found by the scheduler.
2025-03-15 12:20:54,260 - INFO - apscheduler.executors.default - Job "process_pending_tasks (trigger: interval[0:01:00], next run at: 2025-03-15 12:21:54 +08)" executed successfully
2025-03-15 12:21:54,255 - INFO - apscheduler.executors.default - Running job "process_pending_tasks (trigger: interval[0:01:00], next run at: 2025-03-15 12:22:54 +08)" (scheduled at 2025-03-15 12:21:54.250290+08:00)
2025-03-15 12:21:54,258 - INFO - app.scheduler - No pending tasks found by the scheduler.
2025-03-15 12:21:54,259 - INFO - apscheduler.executors.default - Job "process_pending_tasks (trigger: interval[0:01:00], next run at: 2025-03-15 12:22:54 +08)" executed successfully
2025-03-15 12:22:16,324 - INFO - apscheduler.scheduler - Scheduler has been shut down
2025-03-15 12:22:16,324 - INFO - app.scheduler - Scheduler shutdown.
2025-03-15 12:22:16,676 - INFO - apscheduler.scheduler - Adding job tentatively -- it will be properly scheduled when the scheduler starts
2025-03-15 12:22:16,676 - INFO - apscheduler.scheduler - Added job "process_pending_tasks" to job store "default"
2025-03-15 12:22:16,676 - INFO - apscheduler.scheduler - Scheduler started
2025-03-15 12:22:16,676 - INFO - app.scheduler - Scheduler started.
2025-03-15 12:22:26,888 - INFO - apscheduler.scheduler - Scheduler has been shut down
2025-03-15 12:22:26,888 - INFO - app.scheduler - Scheduler shutdown.
2025-03-15 12:22:27,244 - INFO - apscheduler.scheduler - Adding job tentatively -- it will be properly scheduled when the scheduler starts
2025-03-15 12:22:27,244 - INFO - apscheduler.scheduler - Added job "process_pending_tasks" to job store "default"
2025-03-15 12:22:27,244 - INFO - apscheduler.scheduler - Scheduler started
2025-03-15 12:22:27,244 - INFO - app.scheduler - Scheduler started.
2025-03-15 12:22:42,618 - INFO - apscheduler.scheduler - Scheduler has been shut down
2025-03-15 12:22:42,618 - INFO - app.scheduler - Scheduler shutdown.
2025-03-15 12:22:42,974 - INFO - apscheduler.scheduler - Adding job tentatively -- it will be properly scheduled when the scheduler starts
2025-03-15 12:22:42,974 - INFO - apscheduler.scheduler - Added job "process_pending_tasks" to job store "default"
2025-03-15 12:22:42,974 - INFO - apscheduler.scheduler - Scheduler started
2025-03-15 12:22:42,974 - INFO - app.scheduler - Scheduler started.
2025-03-15 12:23:24,254 - INFO - apscheduler.scheduler - Scheduler has been shut down
2025-03-15 12:23:24,254 - INFO - app.scheduler - Scheduler shutdown.
2025-03-15 12:23:24,599 - INFO - apscheduler.scheduler - Adding job tentatively -- it will be properly scheduled when the scheduler starts
2025-03-15 12:23:24,599 - INFO - apscheduler.scheduler - Added job "process_pending_tasks" to job store "default"
2025-03-15 12:23:24,599 - INFO - apscheduler.scheduler - Scheduler started
2025-03-15 12:23:24,599 - INFO - app.scheduler - Scheduler started.
2025-03-15 12:24:24,605 - INFO - apscheduler.executors.default - Running job "process_pending_tasks (trigger: interval[0:01:00], next run at: 2025-03-15 12:24:24 +08)" (scheduled at 2025-03-15 12:24:24.599106+08:00)
2025-03-15 12:24:24,609 - INFO - app.scheduler - Scheduler found 1 pending tasks. Processing with up to 4 concurrent workers.
2025-03-15 12:24:24,612 - INFO - app.workers - Task 6 claimed and marked as processing.
2025-03-15 12:24:24,617 - INFO - app.workers - Task 6 started processing.
2025-03-15 12:24:26,623 - INFO - app.workers - Task 6 completed processing with result: Prediction for task 6: C.
2025-03-15 12:24:26,623 - INFO - apscheduler.executors.default - Job "process_pending_tasks (trigger: interval[0:01:00], next run at: 2025-03-15 12:25:24 +08)" executed successfully
2025-03-15 12:25:24,601 - INFO - apscheduler.executors.default - Running job "process_pending_tasks (trigger: interval[0:01:00], next run at: 2025-03-15 12:26:24 +08)" (scheduled at 2025-03-15 12:25:24.599106+08:00)
2025-03-15 12:25:24,604 - INFO - app.scheduler - No pending tasks found by the scheduler.
2025-03-15 12:25:24,605 - INFO - apscheduler.executors.default - Job "process_pending_tasks (trigger: interval[0:01:00], next run at: 2025-03-15 12:26:24 +08)" executed successfully
2025-03-15 12:26:12,014 - INFO - apscheduler.scheduler - Scheduler has been shut down
2025-03-15 12:26:12,014 - INFO - app.scheduler - Scheduler shutdown.
2025-03-15 12:26:12,371 - INFO - apscheduler.scheduler - Adding job tentatively -- it will be properly scheduled when the scheduler starts
2025-03-15 12:26:12,371 - INFO - apscheduler.scheduler - Added job "process_pending_tasks" to job store "default"
2025-03-15 12:26:12,371 - INFO - apscheduler.scheduler - Scheduler started
2025-03-15 12:26:12,371 - INFO - app.scheduler - Scheduler started.
2025-03-15 12:26:41,816 - INFO - apscheduler.scheduler - Scheduler has been shut down
2025-03-15 12:26:41,816 - INFO - app.scheduler - Scheduler shutdown.
2025-03-15 12:26:42,168 - INFO - apscheduler.scheduler - Adding job tentatively -- it will be properly scheduled when the scheduler starts
2025-03-15 12:26:42,168 - INFO - apscheduler.scheduler - Added job "process_pending_tasks" to job store "default"
2025-03-15 12:26:42,168 - INFO - apscheduler.scheduler - Scheduler started
2025-03-15 12:26:42,169 - INFO - app.scheduler - Scheduler started.
2025-03-15 12:26:54,305 - INFO - app.main - Task created: task_id=7 from IP 127.0.0.1
2025-03-15 12:27:42,174 - INFO - apscheduler.executors.default - Running job "process_pending_tasks (trigger: interval[0:01:00], next run at: 2025-03-15 12:27:42 +08)" (scheduled at 2025-03-15 12:27:42.168811+08:00)
2025-03-15 12:27:42,179 - INFO - app.scheduler - Scheduler found 1 pending tasks. Processing with up to 4 concurrent workers.
2025-03-15 12:27:42,182 - INFO - app.workers - Task 7 claimed and marked as processing.
2025-03-15 12:27:42,186 - INFO - app.workers - Task 7 started processing.
2025-03-15 12:27:44,198 - INFO - app.workers - Task 7 completed processing with result: Prediction for task 7: B.
2025-03-15 12:27:44,199 - INFO - apscheduler.executors.default - Job "process_pending_tasks (trigger: interval[0:01:00], next run at: 2025-03-15 12:28:42 +08)" executed successfully
2025-03-15 12:28:16,553 - INFO - apscheduler.scheduler - Scheduler has been shut down
2025-03-15 12:28:16,554 - INFO - app.scheduler - Scheduler shutdown.
2025-03-15 12:28:16,909 - INFO - apscheduler.scheduler - Adding job tentatively -- it will be properly scheduled when the scheduler starts
2025-03-15 12:28:16,910 - INFO - apscheduler.scheduler - Added job "process_pending_tasks" to job store "default"
2025-03-15 12:28:16,910 - INFO - apscheduler.scheduler - Scheduler started
2025-03-15 12:28:16,910 - INFO - app.scheduler - Scheduler started.
2025-03-15 12:28:21,363 - INFO - apscheduler.scheduler - Scheduler has been shut down
2025-03-15 12:28:21,364 - INFO - app.scheduler - Scheduler shutdown.
